mode: set
github.com/Son0-0/Go-Web/db/sqlc/transfer.sql.go:29.99,40.2 4 1
github.com/Son0-0/Go-Web/db/sqlc/transfer.sql.go:47.80,58.2 4 1
github.com/Son0-0/Go-Web/db/sqlc/transfer.sql.go:77.99,84.16 2 1
github.com/Son0-0/Go-Web/db/sqlc/transfer.sql.go:87.2,89.18 3 1
github.com/Son0-0/Go-Web/db/sqlc/transfer.sql.go:102.2,102.37 1 1
github.com/Son0-0/Go-Web/db/sqlc/transfer.sql.go:105.2,105.35 1 1
github.com/Son0-0/Go-Web/db/sqlc/transfer.sql.go:108.2,108.19 1 1
github.com/Son0-0/Go-Web/db/sqlc/transfer.sql.go:84.16,86.3 1 0
github.com/Son0-0/Go-Web/db/sqlc/transfer.sql.go:89.18,97.17 2 1
github.com/Son0-0/Go-Web/db/sqlc/transfer.sql.go:100.3,100.27 1 1
github.com/Son0-0/Go-Web/db/sqlc/transfer.sql.go:97.17,99.4 1 0
github.com/Son0-0/Go-Web/db/sqlc/transfer.sql.go:102.37,104.3 1 0
github.com/Son0-0/Go-Web/db/sqlc/transfer.sql.go:105.35,107.3 1 0
github.com/Son0-0/Go-Web/db/sqlc/account.sql.go:29.96,40.2 4 1
github.com/Son0-0/Go-Web/db/sqlc/account.sql.go:47.70,50.2 2 1
github.com/Son0-0/Go-Web/db/sqlc/account.sql.go:57.78,68.2 4 1
github.com/Son0-0/Go-Web/db/sqlc/account.sql.go:82.96,84.16 2 1
github.com/Son0-0/Go-Web/db/sqlc/account.sql.go:87.2,89.18 3 1
github.com/Son0-0/Go-Web/db/sqlc/account.sql.go:102.2,102.37 1 1
github.com/Son0-0/Go-Web/db/sqlc/account.sql.go:105.2,105.35 1 1
github.com/Son0-0/Go-Web/db/sqlc/account.sql.go:108.2,108.19 1 1
github.com/Son0-0/Go-Web/db/sqlc/account.sql.go:84.16,86.3 1 0
github.com/Son0-0/Go-Web/db/sqlc/account.sql.go:89.18,97.17 2 1
github.com/Son0-0/Go-Web/db/sqlc/account.sql.go:100.3,100.27 1 1
github.com/Son0-0/Go-Web/db/sqlc/account.sql.go:97.17,99.4 1 0
github.com/Son0-0/Go-Web/db/sqlc/account.sql.go:102.37,104.3 1 0
github.com/Son0-0/Go-Web/db/sqlc/account.sql.go:105.35,107.3 1 0
github.com/Son0-0/Go-Web/db/sqlc/account.sql.go:123.96,134.2 4 1
github.com/Son0-0/Go-Web/db/sqlc/db.go:19.28,21.2 1 1
github.com/Son0-0/Go-Web/db/sqlc/db.go:27.47,31.2 1 0
github.com/Son0-0/Go-Web/db/sqlc/entry.sql.go:27.90,37.2 4 1
github.com/Son0-0/Go-Web/db/sqlc/entry.sql.go:44.74,54.2 4 1
github.com/Son0-0/Go-Web/db/sqlc/entry.sql.go:70.92,72.16 2 1
github.com/Son0-0/Go-Web/db/sqlc/entry.sql.go:75.2,77.18 3 1
github.com/Son0-0/Go-Web/db/sqlc/entry.sql.go:89.2,89.37 1 1
github.com/Son0-0/Go-Web/db/sqlc/entry.sql.go:92.2,92.35 1 1
github.com/Son0-0/Go-Web/db/sqlc/entry.sql.go:95.2,95.19 1 1
github.com/Son0-0/Go-Web/db/sqlc/entry.sql.go:72.16,74.3 1 0
github.com/Son0-0/Go-Web/db/sqlc/entry.sql.go:77.18,84.17 2 1
github.com/Son0-0/Go-Web/db/sqlc/entry.sql.go:87.3,87.27 1 1
github.com/Son0-0/Go-Web/db/sqlc/entry.sql.go:84.17,86.4 1 0
github.com/Son0-0/Go-Web/db/sqlc/entry.sql.go:89.37,91.3 1 0
github.com/Son0-0/Go-Web/db/sqlc/entry.sql.go:92.35,94.3 1 0
